g:\c-line\c-line\debug\vc141.pdb
g:\c-line\c-line\debug\vc141.idb
g:\c-line\c-line\debug\diobridge.obj
g:\c-line\c-line\debug\specifications.obj
g:\c-line\c-line\debug\myexception.obj
g:\c-line\c-line\debug\dioprotective.obj
g:\c-line\c-line\debug\diod.obj
g:\c-line\c-line\debug\main.obj
g:\c-line\c-line\debug\inputexception.obj
g:\c-line\c-line\debug\fileexception.obj
g:\c-line\c-line\debug\semiconductor.obj
g:\c-line\c-line\debug\stabilitron.obj
g:\c-line\c-line\debug\cooler.obj
g:\c-line\c-line\debug\check_inp.obj
g:\c-line\c-line\debug\diopulse.obj
g:\c-line\debug\c-line.exe
g:\c-line\debug\c-line.ilk
g:\c-line\debug\c-line.pdb
g:\c-line\c-line\debug\c-line.tlog\cl.read.1.tlog
g:\c-line\c-line\debug\c-line.tlog\cl.write.1.tlog
g:\c-line\c-line\debug\c-line.tlog\cl.command.1.tlog
g:\c-line\c-line\debug\c-line.tlog\link.command.1.tlog
g:\c-line\c-line\debug\c-line.tlog\link.read.1.tlog
g:\c-line\c-line\debug\c-line.tlog\link.write.1.tlog
